Determining if the pthread_create exist failed with the following output:
Change Dir: /home/jdflo/GIT_REPOS/art_skills/build/CMakeFiles/CMakeTmp

Run Build Command:"/usr/bin/make" "cmTC_78ef4/fast"
/usr/bin/make -f CMakeFiles/cmTC_78ef4.dir/build.make CMakeFiles/cmTC_78ef4.dir/build
make[1]: Entering directory '/home/jdflo/GIT_REPOS/art_skills/build/CMakeFiles/CMakeTmp'
Building C object CMakeFiles/cmTC_78ef4.dir/CheckSymbolExists.c.o
/usr/bin/x86_64-linux-gnu-gcc-7    -o CMakeFiles/cmTC_78ef4.dir/CheckSymbolExists.c.o   -c /home/jdflo/GIT_REPOS/art_skills/build/CMakeFiles/CMakeTmp/CheckSymbolExists.c
Linking C executable cmTC_78ef4
/usr/bin/cmake -E cmake_link_script CMakeFiles/cmTC_78ef4.dir/link.txt --verbose=1
/usr/bin/x86_64-linux-gnu-gcc-7      CMakeFiles/cmTC_78ef4.dir/CheckSymbolExists.c.o  -o cmTC_78ef4 
CMakeFiles/cmTC_78ef4.dir/CheckSymbolExists.c.o: In function `main':
CheckSymbolExists.c:(.text+0x1b): undefined reference to `pthread_create'
collect2: error: ld returned 1 exit status
CMakeFiles/cmTC_78ef4.dir/build.make:97: recipe for target 'cmTC_78ef4' failed
make[1]: *** [cmTC_78ef4] Error 1
make[1]: Leaving directory '/home/jdflo/GIT_REPOS/art_skills/build/CMakeFiles/CMakeTmp'
Makefile:126: recipe for target 'cmTC_78ef4/fast' failed
make: *** [cmTC_78ef4/fast] Error 2

File /home/jdflo/GIT_REPOS/art_skills/build/CMakeFiles/CMakeTmp/CheckSymbolExists.c:
/* */
#include <pthread.h>

int main(int argc, char** argv)
{
  (void)argv;
#ifndef pthread_create
  return ((int*)(&pthread_create))[argc];
#else
  (void)argc;
  return 0;
#endif
}

Determining if the function pthread_create exists in the pthreads failed with the following output:
Change Dir: /home/jdflo/GIT_REPOS/art_skills/build/CMakeFiles/CMakeTmp

Run Build Command:"/usr/bin/make" "cmTC_e035e/fast"
/usr/bin/make -f CMakeFiles/cmTC_e035e.dir/build.make CMakeFiles/cmTC_e035e.dir/build
make[1]: Entering directory '/home/jdflo/GIT_REPOS/art_skills/build/CMakeFiles/CMakeTmp'
Building C object CMakeFiles/cmTC_e035e.dir/CheckFunctionExists.c.o
/usr/bin/x86_64-linux-gnu-gcc-7   -DCHECK_FUNCTION_EXISTS=pthread_create   -o CMakeFiles/cmTC_e035e.dir/CheckFunctionExists.c.o   -c /usr/share/cmake-3.10/Modules/CheckFunctionExists.c
Linking C executable cmTC_e035e
/usr/bin/cmake -E cmake_link_script CMakeFiles/cmTC_e035e.dir/link.txt --verbose=1
/usr/bin/x86_64-linux-gnu-gcc-7  -DCHECK_FUNCTION_EXISTS=pthread_create    CMakeFiles/cmTC_e035e.dir/CheckFunctionExists.c.o  -o cmTC_e035e -lpthreads 
/usr/bin/ld: cannot find -lpthreads
collect2: error: ld returned 1 exit status
CMakeFiles/cmTC_e035e.dir/build.make:97: recipe for target 'cmTC_e035e' failed
make[1]: *** [cmTC_e035e] Error 1
make[1]: Leaving directory '/home/jdflo/GIT_REPOS/art_skills/build/CMakeFiles/CMakeTmp'
Makefile:126: recipe for target 'cmTC_e035e/fast' failed
make: *** [cmTC_e035e/fast] Error 2


