Determining if the pthread_create exist failed with the following output:
Change Dir: /home/jdflo/GIT_REPOS/art_skills/cpp/CMakeFiles/CMakeTmp

Run Build Command:"/usr/bin/make" "cmTC_3b84a/fast"
/usr/bin/make -f CMakeFiles/cmTC_3b84a.dir/build.make CMakeFiles/cmTC_3b84a.dir/build
make[1]: Entering directory '/home/jdflo/GIT_REPOS/art_skills/cpp/CMakeFiles/CMakeTmp'
Building C object CMakeFiles/cmTC_3b84a.dir/CheckSymbolExists.c.o
/usr/bin/cc    -o CMakeFiles/cmTC_3b84a.dir/CheckSymbolExists.c.o   -c /home/jdflo/GIT_REPOS/art_skills/cpp/CMakeFiles/CMakeTmp/CheckSymbolExists.c
Linking C executable cmTC_3b84a
/usr/bin/cmake -E cmake_link_script CMakeFiles/cmTC_3b84a.dir/link.txt --verbose=1
/usr/bin/cc      CMakeFiles/cmTC_3b84a.dir/CheckSymbolExists.c.o  -o cmTC_3b84a 
CMakeFiles/cmTC_3b84a.dir/CheckSymbolExists.c.o: In function `main':
CheckSymbolExists.c:(.text+0x1b): undefined reference to `pthread_create'
collect2: error: ld returned 1 exit status
CMakeFiles/cmTC_3b84a.dir/build.make:97: recipe for target 'cmTC_3b84a' failed
make[1]: *** [cmTC_3b84a] Error 1
make[1]: Leaving directory '/home/jdflo/GIT_REPOS/art_skills/cpp/CMakeFiles/CMakeTmp'
Makefile:126: recipe for target 'cmTC_3b84a/fast' failed
make: *** [cmTC_3b84a/fast] Error 2

File /home/jdflo/GIT_REPOS/art_skills/cpp/CMakeFiles/CMakeTmp/CheckSymbolExists.c:
/* */
#include <pthread.h>

int main(int argc, char** argv)
{
  (void)argv;
#ifndef pthread_create
  return ((int*)(&pthread_create))[argc];
#else
  (void)argc;
  return 0;
#endif
}

Determining if the function pthread_create exists in the pthreads failed with the following output:
Change Dir: /home/jdflo/GIT_REPOS/art_skills/cpp/CMakeFiles/CMakeTmp

Run Build Command:"/usr/bin/make" "cmTC_bb4f2/fast"
/usr/bin/make -f CMakeFiles/cmTC_bb4f2.dir/build.make CMakeFiles/cmTC_bb4f2.dir/build
make[1]: Entering directory '/home/jdflo/GIT_REPOS/art_skills/cpp/CMakeFiles/CMakeTmp'
Building C object CMakeFiles/cmTC_bb4f2.dir/CheckFunctionExists.c.o
/usr/bin/cc   -DCHECK_FUNCTION_EXISTS=pthread_create   -o CMakeFiles/cmTC_bb4f2.dir/CheckFunctionExists.c.o   -c /usr/share/cmake-3.10/Modules/CheckFunctionExists.c
Linking C executable cmTC_bb4f2
/usr/bin/cmake -E cmake_link_script CMakeFiles/cmTC_bb4f2.dir/link.txt --verbose=1
/usr/bin/cc  -DCHECK_FUNCTION_EXISTS=pthread_create    CMakeFiles/cmTC_bb4f2.dir/CheckFunctionExists.c.o  -o cmTC_bb4f2 -lpthreads 
/usr/bin/ld: cannot find -lpthreads
collect2: error: ld returned 1 exit status
CMakeFiles/cmTC_bb4f2.dir/build.make:97: recipe for target 'cmTC_bb4f2' failed
make[1]: *** [cmTC_bb4f2] Error 1
make[1]: Leaving directory '/home/jdflo/GIT_REPOS/art_skills/cpp/CMakeFiles/CMakeTmp'
Makefile:126: recipe for target 'cmTC_bb4f2/fast' failed
make: *** [cmTC_bb4f2/fast] Error 2


Performing C++ SOURCE FILE Test COMPILER_HAS_WMISSING_OVERRIDE failed with the following output:
Change Dir: /home/jdflo/GIT_REPOS/art_skills/cpp/CMakeFiles/CMakeTmp

Run Build Command:"/usr/bin/make" "cmTC_c5f5b/fast"
/usr/bin/make -f CMakeFiles/cmTC_c5f5b.dir/build.make CMakeFiles/cmTC_c5f5b.dir/build
make[1]: Entering directory '/home/jdflo/GIT_REPOS/art_skills/cpp/CMakeFiles/CMakeTmp'
Building CXX object CMakeFiles/cmTC_c5f5b.dir/src.cxx.o
/usr/bin/c++    -DCOMPILER_HAS_WMISSING_OVERRIDE   -Wmissing -o CMakeFiles/cmTC_c5f5b.dir/src.cxx.o -c /home/jdflo/GIT_REPOS/art_skills/cpp/CMakeFiles/CMakeTmp/src.cxx
c++: error: unrecognized command line option '-Wmissing'; did you mean '-Waliasing'?
CMakeFiles/cmTC_c5f5b.dir/build.make:65: recipe for target 'CMakeFiles/cmTC_c5f5b.dir/src.cxx.o' failed
make[1]: *** [CMakeFiles/cmTC_c5f5b.dir/src.cxx.o] Error 1
make[1]: Leaving directory '/home/jdflo/GIT_REPOS/art_skills/cpp/CMakeFiles/CMakeTmp'
Makefile:126: recipe for target 'cmTC_c5f5b/fast' failed
make: *** [cmTC_c5f5b/fast] Error 2

Source file was:
int main() { return 0; }
